<?xml version="1.0" encoding="UTF-8"?>
<!-- Generated by org.testng.reporters.JUnitReportReporter -->
<testsuite hostname="IBM-40DC6F4" failures="0" tests="3" name="demos.Activity9Test" time="0.483" errors="0" timestamp="2026-02-04T09:36:40 IST" skipped="0">
  <testcase classname="demos.Activity9Test" name="simpleAlertTestCase" time="0.099">
    <system-out>
      <![CDATA[Simple Alert text: You've just triggered a simple alert!]]>
    </system-out>
  </testcase> <!-- simpleAlertTestCase -->
  <testcase classname="demos.Activity9Test" name="confirmAlertTestCase" time="0.238">
    <system-out>
      <![CDATA[Confirm Alert text: You've just triggered a confirmation alert!]]>
    </system-out>
  </testcase> <!-- confirmAlertTestCase -->
  <testcase classname="demos.Activity9Test" name="promptAlertTestCase" time="0.146">
    <system-out>
      <![CDATA[Prompt Alert text: I'm a Prompt! Type something into me!]]>
    </system-out>
  </testcase> <!-- promptAlertTestCase -->
  <system-out>
    <![CDATA[Browser opened and URL launched
Confirm Alert text: You've just triggered a confirmation alert!
Prompt Alert text: I'm a Prompt! Type something into me!
Simple Alert text: You've just triggered a simple alert!
Browser closed]]>
  </system-out>
</testsuite> <!-- demos.Activity9Test -->
