<?xml version="1.0" encoding="UTF-8"?>
<!-- Generated by org.testng.reporters.JUnitXMLReporter -->
<testsuite ignored="1" hostname="IBM-40DC6F4" failures="1" tests="10" name="Surefire test" time="21.613" errors="0" timestamp="2026-02-03T16:15:59 IST">
  <testcase classname="demos.Activity1Test" name="testPageTitles" time="0.174"/>
  <testcase classname="demos.Activity2Test" name="blackbutton" time="0.03">
    <failure type="org.openqa.selenium.NoSuchElementException" message="Unable to locate element: button.black
For documentation on this error, please visit: https://www.selenium.dev/documentation/webdriver/troubleshooting/errors#no-such-element-exception
Build info: version: &amp;apos;4.33.0&amp;apos;, revision: &amp;apos;2c6aaad03a&amp;apos;
System info: os.name: &amp;apos;Windows 11&amp;apos;, os.arch: &amp;apos;amd64&amp;apos;, os.version: &amp;apos;10.0&amp;apos;, java.version: &amp;apos;25.0.1&amp;apos;
Driver info: org.openqa.selenium.firefox.FirefoxDriver
Command: [24b80d78-392b-48f2-92cf-f97a98438ead, findElement {value=button.black, using=css selector}]
Capabilities {acceptInsecureCerts: true, browserName: firefox, browserVersion: 147.0.2, moz:accessibilityChecks: false, moz:buildID: 20260126151322, moz:geckodriverVersion: 0.36.0, moz:headless: false, moz:platformVersion: 10.0, moz:processID: 28768, moz:profile: C:\Users\VANKAD~1\AppData\L..., moz:shutdownTimeout: 60000, moz:webdriverClick: true, moz:windowless: false, pageLoadStrategy: normal, platformName: windows, proxy: Proxy(), setWindowRect: true, strictFileInteractability: false, timeouts: {implicit: 0, pageLoad: 300000, script: 30000}, unhandledPromptBehavior: dismiss and notify, userAgent: Mozilla/5.0 (Windows NT 10....}
Session ID: 24b80d78-392b-48f2-92cf-f97a98438ead">
      <![CDATA[org.openqa.selenium.NoSuchElementException: Unable to locate element: button.black
For documentation on this error, please visit: https://www.selenium.dev/documentation/webdriver/troubleshooting/errors#no-such-element-exception
Build info: version: '4.33.0', revision: '2c6aaad03a'
System info: os.name: 'Windows 11', os.arch: 'amd64', os.version: '10.0', java.version: '25.0.1'
Driver info: org.openqa.selenium.firefox.FirefoxDriver
Command: [24b80d78-392b-48f2-92cf-f97a98438ead, findElement {value=button.black, using=css selector}]
Capabilities {acceptInsecureCerts: true, browserName: firefox, browserVersion: 147.0.2, moz:accessibilityChecks: false, moz:buildID: 20260126151322, moz:geckodriverVersion: 0.36.0, moz:headless: false, moz:platformVersion: 10.0, moz:processID: 28768, moz:profile: C:\Users\VANKAD~1\AppData\L..., moz:shutdownTimeout: 60000, moz:webdriverClick: true, moz:windowless: false, pageLoadStrategy: normal, platformName: windows, proxy: Proxy(), setWindowRect: true, strictFileInteractability: false, timeouts: {implicit: 0, pageLoad: 300000, script: 30000}, unhandledPromptBehavior: dismiss and notify, userAgent: Mozilla/5.0 (Windows NT 10....}
Session ID: 24b80d78-392b-48f2-92cf-f97a98438ead
at org.openqa.selenium.remote.ErrorCodec.decode(ErrorCodec.java:167)
at org.openqa.selenium.remote.codec.w3c.W3CHttpResponseCodec.decode(W3CHttpResponseCodec.java:138)
at org.openqa.selenium.remote.codec.w3c.W3CHttpResponseCodec.decode(W3CHttpResponseCodec.java:50)
at org.openqa.selenium.remote.HttpCommandExecutor.execute(HttpCommandExecutor.java:215)
at org.openqa.selenium.remote.service.DriverCommandExecutor.invokeExecute(DriverCommandExecutor.java:216)
at org.openqa.selenium.remote.service.DriverCommandExecutor.execute(DriverCommandExecutor.java:174)
at org.openqa.selenium.remote.RemoteWebDriver.execute(RemoteWebDriver.java:544)
at org.openqa.selenium.remote.ElementLocation$ElementFinder$2.findElement(ElementLocation.java:165)
at org.openqa.selenium.remote.ElementLocation.findElement(ElementLocation.java:59)
at org.openqa.selenium.remote.RemoteWebDriver.findElement(RemoteWebDriver.java:367)
at org.openqa.selenium.remote.RemoteWebDriver.findElement(RemoteWebDriver.java:361)
at demos.Activity2Test.blackbutton(Activity2Test.java:29)
at java.base/java.util.ArrayList.forEach(ArrayList.java:1604)
... Removed 33 stack frames]]>
    </failure>
  </testcase> <!-- blackbutton -->
  <testcase classname="demos.Activity2Test" name="getTitle" time="0.009"/>
  <testcase classname="demos.Activity2Test" name="skippedTestException" time="0.004">
    <skipped/>
  </testcase> <!-- skippedTestException -->
  <testcase classname="demos.Activity3Test" name="loginTest" time="0.457"/>
  <testcase classname="demos.Activity5Test" name="but1" time="0.051"/>
  <testcase classname="demos.Activity5Test" name="but2" time="0.03"/>
  <testcase classname="demos.Activity5Test" name="head3" time="0.024"/>
  <testcase classname="demos.Activity5Test" name="head5" time="0.036"/>
  <testcase classname="demos.TestCalculator" name="testAdd" time="0.001"/>
  <testcase classname="demos.Activity2Test" name="skippedTestDisabled" time="0.0">
    <ignored/>
  </testcase> <!-- skippedTestDisabled -->
</testsuite> <!-- Surefire test -->
