<?xml version="1.0" encoding="UTF-8"?>
<!-- Generated by org.testng.reporters.JUnitXMLReporter -->
<testsuite ignored="0" hostname="IBM-40DC6F4" failures="0" tests="3" name="testngTest" time="5.944" errors="0" timestamp="2026-02-04T09:36:39 IST">
  <testcase classname="demos.Activity9Test" name="confirmAlertTestCase" time="0.215"/>
  <testcase classname="demos.Activity9Test" name="promptAlertTestCase" time="0.138"/>
  <testcase classname="demos.Activity9Test" name="simpleAlertTestCase" time="0.099"/>
</testsuite> <!-- testngTest -->
