<?xml version="1.0" encoding="UTF-8"?>
<!-- Generated by org.testng.reporters.JUnitXMLReporter -->
<testsuite ignored="2" hostname="IBM-40DC6F4" failures="0" tests="2" name="first test" time="6.821" errors="0" timestamp="2026-02-04T09:20:16 IST">
  <testcase classname="demos.Activity5Test" name="but1" time="0.057"/>
  <testcase classname="demos.Activity5Test" name="but2" time="0.029"/>
  <testcase classname="demos.Activity5Test" name="head3" time="0.0">
    <ignored/>
  </testcase> <!-- head3 -->
  <testcase classname="demos.Activity5Test" name="head5" time="0.0">
    <ignored/>
  </testcase> <!-- head5 -->
</testsuite> <!-- first test -->
